Determining if the pthread_create exist failed with the following output:
Change Dir: /home/percevio/projects/c/mmt-learning/libntoh/lesson/build/CMakeFiles/CMakeTmp

Run Build Command:/usr/bin/make "cmTryCompileExec2817516556/fast"
/usr/bin/make -f CMakeFiles/cmTryCompileExec2817516556.dir/build.make CMakeFiles/cmTryCompileExec2817516556.dir/build
make[1]: Entering directory `/home/percevio/projects/c/mmt-learning/libntoh/lesson/build/CMakeFiles/CMakeTmp'
/usr/bin/cmake -E cmake_progress_report /home/percevio/projects/c/mmt-learning/libntoh/lesson/build/CMakeFiles/CMakeTmp/CMakeFiles 1
Building C object CMakeFiles/cmTryCompileExec2817516556.dir/CheckSymbolExists.c.o
/usr/bin/cc    -o CMakeFiles/cmTryCompileExec2817516556.dir/CheckSymbolExists.c.o   -c /home/percevio/projects/c/mmt-learning/libntoh/lesson/build/CMakeFiles/CMakeTmp/CheckSymbolExists.c
Linking C executable cmTryCompileExec2817516556
/usr/bin/cmake -E cmake_link_script CMakeFiles/cmTryCompileExec2817516556.dir/link.txt --verbose=1
/usr/bin/cc       CMakeFiles/cmTryCompileExec2817516556.dir/CheckSymbolExists.c.o  -o cmTryCompileExec2817516556 -rdynamic 
CMakeFiles/cmTryCompileExec2817516556.dir/CheckSymbolExists.c.o: In function `main':
CheckSymbolExists.c:(.text+0x16): undefined reference to `pthread_create'
collect2: error: ld returned 1 exit status
make[1]: Leaving directory `/home/percevio/projects/c/mmt-learning/libntoh/lesson/build/CMakeFiles/CMakeTmp'
make[1]: *** [cmTryCompileExec2817516556] Error 1
make: *** [cmTryCompileExec2817516556/fast] Error 2

File /home/percevio/projects/c/mmt-learning/libntoh/lesson/build/CMakeFiles/CMakeTmp/CheckSymbolExists.c:
/* */
#include <pthread.h>

int main(int argc, char** argv)
{
  (void)argv;
#ifndef pthread_create
  return ((int*)(&pthread_create))[argc];
#else
  (void)argc;
  return 0;
#endif
}

Determining if the function pthread_create exists in the pthreads failed with the following output:
Change Dir: /home/percevio/projects/c/mmt-learning/libntoh/lesson/build/CMakeFiles/CMakeTmp

Run Build Command:/usr/bin/make "cmTryCompileExec3469795214/fast"
/usr/bin/make -f CMakeFiles/cmTryCompileExec3469795214.dir/build.make CMakeFiles/cmTryCompileExec3469795214.dir/build
make[1]: Entering directory `/home/percevio/projects/c/mmt-learning/libntoh/lesson/build/CMakeFiles/CMakeTmp'
/usr/bin/cmake -E cmake_progress_report /home/percevio/projects/c/mmt-learning/libntoh/lesson/build/CMakeFiles/CMakeTmp/CMakeFiles 1
Building C object CMakeFiles/cmTryCompileExec3469795214.dir/CheckFunctionExists.c.o
/usr/bin/cc   -DCHECK_FUNCTION_EXISTS=pthread_create   -o CMakeFiles/cmTryCompileExec3469795214.dir/CheckFunctionExists.c.o   -c /usr/share/cmake-2.8/Modules/CheckFunctionExists.c
Linking C executable cmTryCompileExec3469795214
/usr/bin/cmake -E cmake_link_script CMakeFiles/cmTryCompileExec3469795214.dir/link.txt --verbose=1
/usr/bin/cc   -DCHECK_FUNCTION_EXISTS=pthread_create    CMakeFiles/cmTryCompileExec3469795214.dir/CheckFunctionExists.c.o  -o cmTryCompileExec3469795214 -rdynamic -lpthreads 
/usr/bin/ld: cannot find -lpthreads
collect2: error: ld returned 1 exit status
make[1]: Leaving directory `/home/percevio/projects/c/mmt-learning/libntoh/lesson/build/CMakeFiles/CMakeTmp'
make[1]: *** [cmTryCompileExec3469795214] Error 1
make: *** [cmTryCompileExec3469795214/fast] Error 2


